2015-08-17 16:40:37,930 ERROR s.k.f.c.Client [main] Exception: 
java.net.ConnectException: Connection refused: connect
	at java.net.DualStackPlainSocketImpl.connect0(Native Method) ~[?:1.8.0_45]
	at java.net.DualStackPlainSocketImpl.socketConnect(DualStackPlainSocketImpl.java:79) ~[?:1.8.0_45]
	at java.net.AbstractPlainSocketImpl.doConnect(AbstractPlainSocketImpl.java:345) ~[?:1.8.0_45]
	at java.net.AbstractPlainSocketImpl.connectToAddress(AbstractPlainSocketImpl.java:206) ~[?:1.8.0_45]
	at java.net.AbstractPlainSocketImpl.connect(AbstractPlainSocketImpl.java:188) ~[?:1.8.0_45]
	at java.net.PlainSocketImpl.connect(PlainSocketImpl.java:172) ~[?:1.8.0_45]
	at java.net.SocksSocketImpl.connect(SocksSocketImpl.java:392) ~[?:1.8.0_45]
	at java.net.Socket.connect(Socket.java:589) ~[?:1.8.0_45]
	at java.net.Socket.connect(Socket.java:538) ~[?:1.8.0_45]
	at java.net.Socket.<init>(Socket.java:434) ~[?:1.8.0_45]
	at java.net.Socket.<init>(Socket.java:211) ~[?:1.8.0_45]
	at su.kilko.fakeclient.client.ClientStartConnect.connect(ClientStartConnect.java:18) ~[fake_client/:?]
	at su.kilko.fakeclient.client.ClientStartConnect.run(ClientStartConnect.java:12) ~[fake_client/:?]
	at su.kilko.fakeclient.client.Client.run(Client.java:27) [fake_client/:?]
	at su.kilko.fakeclient.client.ClientLauncher.main(ClientLauncher.java:7) [fake_client/:?]
	at sun.reflect.NativeMethodAccessorImpl.invoke0(Native Method) ~[?:1.8.0_45]
	at sun.reflect.NativeMethodAccessorImpl.invoke(NativeMethodAccessorImpl.java:62) ~[?:1.8.0_45]
	at sun.reflect.DelegatingMethodAccessorImpl.invoke(DelegatingMethodAccessorImpl.java:43) ~[?:1.8.0_45]
	at java.lang.reflect.Method.invoke(Method.java:497) ~[?:1.8.0_45]
	at com.intellij.rt.execution.application.AppMain.main(AppMain.java:140) [idea_rt.jar:?]
2015-08-17 16:40:54,309 INFO s.k.f.c.Client [main] Get request: e
2015-08-17 16:40:54,310 INFO s.k.f.c.Client [main] Sending request to the server
2015-08-17 16:40:54,310 INFO s.k.f.c.Client [main] Get response: S ::: e
2015-08-17 16:40:57,858 INFO s.k.f.c.Client [main] Get request: g
2015-08-17 16:40:57,858 INFO s.k.f.c.Client [main] Sending request to the server
2015-08-17 16:40:57,859 INFO s.k.f.c.Client [main] Get response: S ::: g
2015-08-17 16:40:59,001 INFO s.k.f.c.Client [main] Get request: q
2015-08-17 16:40:59,001 INFO s.k.f.c.Client [main] Sending request to the server
2015-08-17 16:40:59,002 INFO s.k.f.c.Client [main] Get response: S ::: q
2015-08-17 16:41:00,755 INFO s.k.f.c.Client [main] Get request: close
2015-08-17 16:41:00,755 INFO s.k.f.c.Client [main] Sending request to the server
2015-08-17 16:41:00,756 INFO s.k.f.c.Client [main] Programm closed by user
2015-08-17 19:58:57,744 INFO s.k.f.c.Client [main] Get request: c
2015-08-17 19:58:57,794 INFO s.k.f.c.Client [main] Sending request to the server
2015-08-17 19:58:57,794 INFO s.k.f.c.Client [main] Get response: S ::: c
2015-08-17 19:59:32,136 INFO s.k.f.c.Client [main] Get request: vax
2015-08-17 19:59:32,136 INFO s.k.f.c.Client [main] Sending request to the server
2015-08-17 19:59:32,137 INFO s.k.f.c.Client [main] Get response: S ::: vax
2015-08-17 20:02:16,444 INFO s.k.f.c.Client [main] Get request: 
2015-08-17 20:02:16,444 INFO s.k.f.c.Client [main] Sending request to the server
2015-08-17 20:02:16,445 INFO s.k.f.c.Client [main] Get response: S ::: 
2015-08-17 20:02:17,707 INFO s.k.f.c.Client [main] Get request: asd
2015-08-17 20:02:17,707 INFO s.k.f.c.Client [main] Sending request to the server
2015-08-17 20:02:17,708 INFO s.k.f.c.Client [main] Get response: S ::: asd
2015-08-17 21:22:45,285 INFO s.k.f.c.Client [main] Get request: 
2015-08-17 21:22:45,350 INFO s.k.f.c.Client [main] Sending request to the server
2015-08-17 21:22:45,566 INFO s.k.f.c.Client [main] Get response: S ::: 
2015-08-17 21:22:50,517 INFO s.k.f.c.Client [main] Get request: exit
2015-08-17 21:22:50,594 INFO s.k.f.c.Client [main] Sending request to the server
2015-08-17 21:22:50,620 INFO s.k.f.c.Client [main] Programm closed by user
